c:\users\שרה מלכה\source\repos\chess\chess\debug\vc142.pdb
c:\users\שרה מלכה\source\repos\chess\chess\debug\vc142.idb
c:\users\שרה מלכה\source\repos\chess\chess\debug\visualutils.obj
c:\users\שרה מלכה\source\repos\chess\chess\debug\gameinfo.obj
c:\users\שרה מלכה\source\repos\chess\chess\debug\main.obj
c:\users\שרה מלכה\source\repos\chess\chess\debug\gameutils.obj
c:\users\שרה מלכה\source\repos\chess\chess\debug\board.obj
c:\users\שרה מלכה\source\repos\chess\chess\debug\piece.obj
c:\users\שרה מלכה\source\repos\chess\chess\debug\exception.obj
c:\users\שרה מלכה\source\repos\chess\chess\debug\error.obj
c:\users\שרה מלכה\source\repos\chess\debug\chess.exe
c:\users\שרה מלכה\source\repos\chess\chess\debug\chess.ilk
c:\users\שרה מלכה\source\repos\chess\debug\chess.pdb
c:\users\שרה מלכה\source\repos\chess\chess\debug\chess.obj
c:\users\שרה מלכה\source\repos\chess\chess\debug\chess.tlog\cl.command.1.tlog
c:\users\שרה מלכה\source\repos\chess\chess\debug\chess.tlog\cl.read.1.tlog
c:\users\שרה מלכה\source\repos\chess\chess\debug\chess.tlog\cl.write.1.tlog
c:\users\שרה מלכה\source\repos\chess\chess\debug\chess.tlog\link.command.1.tlog
c:\users\שרה מלכה\source\repos\chess\chess\debug\chess.tlog\link.read.1.tlog
c:\users\שרה מלכה\source\repos\chess\chess\debug\chess.tlog\link.write.1.tlog
